This is pdfTeX, Version 3.1415926-2.5-1.40.14 (MiKTeX 2.9) (preloaded format=pdflatex 2014.9.1)  7 FEB 2015 11:18
entering extended mode
**v2-acmtog-sample.tex
(C:\Users\Maverick\Desktop\Paper\v2-acmtog-sample.tex
LaTeX2e <2011/06/27>
Babel <v3.8m> and hyphenation patterns for english, afrikaans, ancientgreek, ar
abic, armenian, assamese, basque, bengali, bokmal, bulgarian, catalan, coptic, 
croatian, czech, danish, dutch, esperanto, estonian, farsi, finnish, french, ga
lician, german, german-x-2013-05-26, greek, gujarati, hindi, hungarian, iceland
ic, indonesian, interlingua, irish, italian, kannada, kurmanji, latin, latvian,
 lithuanian, malayalam, marathi, mongolian, mongolianlmc, monogreek, ngerman, n
german-x-2013-05-26, nynorsk, oriya, panjabi, pinyin, polish, portuguese, roman
ian, russian, sanskrit, serbian, slovak, slovenian, spanish, swedish, swissgerm
an, tamil, telugu, turkish, turkmen, ukenglish, ukrainian, uppersorbian, usengl
ishmax, welsh, loaded.
(C:\Users\Maverick\Desktop\Paper\acmtog.cls
Document Class: acmtog 2012/03/07
("C:\Program Files (x86)\MiKTeX 2.9\tex\latex\base\latexsym.sty"
Package: latexsym 1998/08/17 v2.2e Standard LaTeX package (lasy symbols)
\symlasy=\mathgroup4
LaTeX Font Info:    Overwriting symbol font `lasy' in version `bold'
(Font)                  U/lasy/m/n --> U/lasy/b/n on input line 47.
)
(C:\Users\Maverick\Desktop\Paper\url.sty
\Urlmuskip=\muskip10
Package: url 2006/04/12  ver 3.3  Verb mode for urls, etc.
)
\trimheight=\dimen102
\trimwidth=\dimen103
\typeheight=\dimen104
\typewidth=\dimen105
\normaltextheight=\dimen106
\blindfoliodrop=\dimen107
\tempbox=\box26
\tempdimen=\dimen108
\normaltextheight=\dimen109
\c@secnumbookdepth=\count79
\c@theorem=\count80
\c@strategy=\count81
\c@property=\count82
\c@proposition=\count83
\c@exam=\count84
\c@part=\count85
\c@section=\count86
\c@subsection=\count87
\c@subsubsection=\count88
\c@paragraph=\count89
\c@figure=\count90
\c@table=\count91
\belowcaptionskip=\skip41
\tbbox=\box27
\tabledim=\dimen110
\@narrowfig=\dimen111
\@nfigbox=\box28
\@nfcapbox=\box29
\@abstract=\box30
\@terms=\box31
\@keywords=\box32
\bibindent=\dimen112
LaTeX Info: Redefining \cal on input line 1053.

("C:\Program Files (x86)\MiKTeX 2.9\tex\latex\psnfss\times.sty"
Package: times 2005/04/12 PSNFSS-v9.2a (SPQR) 
)
("C:\Program Files (x86)\MiKTeX 2.9\tex\latex\tools\bm.sty"
Package: bm 2004/02/26 v1.1c Bold Symbol Support (DPC/FMi)
\symboldoperators=\mathgroup5
\symboldletters=\mathgroup6
\symboldsymbols=\mathgroup7
\symboldlasy=\mathgroup8
LaTeX Font Info:    Redeclaring math alphabet \mathbf on input line 138.
LaTeX Info: Redefining \bm on input line 204.
)
("C:\Program Files (x86)\MiKTeX 2.9\tex\latex\graphics\graphicx.sty"
Package: graphicx 1999/02/16 v1.0f Enhanced LaTeX Graphics (DPC,SPQR)

("C:\Program Files (x86)\MiKTeX 2.9\tex\latex\graphics\keyval.sty"
Package: keyval 1999/03/16 v1.13 key=value parser (DPC)
\KV@toks@=\toks14
)
("C:\Program Files (x86)\MiKTeX 2.9\tex\latex\graphics\graphics.sty"
Package: graphics 2009/02/05 v1.0o Standard LaTeX Graphics (DPC,SPQR)

("C:\Program Files (x86)\MiKTeX 2.9\tex\latex\graphics\trig.sty"
Package: trig 1999/03/16 v1.09 sin cos tan (DPC)
)
("C:\Program Files (x86)\MiKTeX 2.9\tex\latex\00miktex\graphics.cfg"
File: graphics.cfg 2007/01/18 v1.5 graphics configuration of teTeX/TeXLive
)
Package graphics Info: Driver file: pdftex.def on input line 91.

("C:\Program Files (x86)\MiKTeX 2.9\tex\latex\pdftex-def\pdftex.def"
File: pdftex.def 2011/05/27 v0.06d Graphics/color for pdfTeX

("C:\Program Files (x86)\MiKTeX 2.9\tex\generic\oberdiek\infwarerr.sty"
Package: infwarerr 2010/04/08 v1.3 Providing info/warning/error messages (HO)
)
("C:\Program Files (x86)\MiKTeX 2.9\tex\generic\oberdiek\ltxcmds.sty"
Package: ltxcmds 2011/11/09 v1.22 LaTeX kernel commands for general use (HO)
)
\Gread@gobject=\count92
))
\Gin@req@height=\dimen113
\Gin@req@width=\dimen114
))
(C:\Users\Maverick\Desktop\Paper\v2-acmtog-sample.aux)
LaTeX Font Info:    Checking defaults for OML/cmm/m/it on input line 29.
LaTeX Font Info:    ... okay on input line 29.
LaTeX Font Info:    Checking defaults for T1/cmr/m/n on input line 29.
LaTeX Font Info:    ... okay on input line 29.
LaTeX Font Info:    Checking defaults for OT1/cmr/m/n on input line 29.
LaTeX Font Info:    ... okay on input line 29.
LaTeX Font Info:    Checking defaults for OMS/cmsy/m/n on input line 29.
LaTeX Font Info:    ... okay on input line 29.
LaTeX Font Info:    Checking defaults for OMX/cmex/m/n on input line 29.
LaTeX Font Info:    ... okay on input line 29.
LaTeX Font Info:    Checking defaults for U/cmr/m/n on input line 29.
LaTeX Font Info:    ... okay on input line 29.
LaTeX Font Info:    Try loading font information for OT1+ptm on input line 29.

("C:\Program Files (x86)\MiKTeX 2.9\tex\latex\psnfss\ot1ptm.fd"
File: ot1ptm.fd 2001/06/04 font definitions for OT1/ptm.
)
\bibhang=\skip42

("C:\Program Files (x86)\MiKTeX 2.9\tex\context\base\supp-pdf.mkii"
[Loading MPS to PDF converter (version 2006.09.02).]
\scratchcounter=\count93
\scratchdimen=\dimen115
\scratchbox=\box33
\nofMPsegments=\count94
\nofMParguments=\count95
\everyMPshowfont=\toks15
\MPscratchCnt=\count96
\MPscratchDim=\dimen116
\MPnumerator=\count97
\makeMPintoPDFobject=\count98
\everyMPtoPDFconversion=\toks16
)
LaTeX Font Info:    Try loading font information for OT1+phv on input line 63.
 ("C:\Program Files (x86)\MiKTeX 2.9\tex\latex\psnfss\ot1phv.fd"
File: ot1phv.fd 2001/06/04 scalable font definitions for OT1/phv.
)
LaTeX Font Info:    External font `cmex10' loaded for size
(Font)              <17.28> on input line 63.
LaTeX Font Info:    External font `cmex10' loaded for size
(Font)              <12> on input line 63.
LaTeX Font Info:    Try loading font information for U+lasy on input line 63.

("C:\Program Files (x86)\MiKTeX 2.9\tex\latex\base\ulasy.fd"
File: ulasy.fd 1998/08/17 v2.2e LaTeX symbol font definitions
)
Underfull \hbox (badness 10000) in paragraph at lines 65--69
[][]\OT1/ptm/m/n/8 Manuel M. Oliveira ac-knowl-edges a CNPq-Brazil fel-low-ship

 []


Underfull \hbox (badness 4108) in paragraph at lines 65--69
\OT1/ptm/m/n/8 Au-thors' ad-dresses: Sean Fog-a-rty, (Cur-rent ad-dress) NASA A
mes
 []

LaTeX Font Info:    External font `cmex10' loaded for size
(Font)              <8> on input line 69.
LaTeX Font Info:    External font `cmex10' loaded for size
(Font)              <6> on input line 69.
LaTeX Font Info:    External font `cmex10' loaded for size
(Font)              <5> on input line 69.
LaTeX Font Info:    Font shape `U/lasy/b/n' in size <8> not available
(Font)              Font shape `U/lasy/m/n' tried instead on input line 69.
LaTeX Font Info:    Font shape `U/lasy/b/n' in size <6> not available
(Font)              Font shape `U/lasy/m/n' tried instead on input line 69.
LaTeX Font Info:    Font shape `U/lasy/b/n' in size <5> not available
(Font)              Font shape `U/lasy/m/n' tried instead on input line 69.
LaTeX Font Info:    Try loading font information for OMS+ptm on input line 69.
("C:\Program Files (x86)\MiKTeX 2.9\tex\latex\psnfss\omsptm.fd"
File: omsptm.fd 
)
LaTeX Font Info:    Font shape `OMS/ptm/m/n' in size <8> not available
(Font)              Font shape `OMS/cmsy/m/n' tried instead on input line 69.
LaTeX Font Info:    Font shape `OT1/ptm/bx/n' in size <8> not available
(Font)              Font shape `OT1/ptm/b/n' tried instead on input line 95.

Underfull \vbox (badness 10000) has occurred while \output is active []


<tog-sample-mouse.pdf, id=1, 151.56625pt x 134.5025pt>
File: tog-sample-mouse.pdf Graphic file (type pdf)

<use tog-sample-mouse.pdf>
Package pdftex.def Info: tog-sample-mouse.pdf used on input line 151.
(pdftex.def)             Requested size: 312.9803pt x 277.74931pt.
LaTeX Font Info:    External font `cmex10' loaded for size
(Font)              <9> on input line 160.
LaTeX Font Info:    Font shape `U/lasy/b/n' in size <9> not available
(Font)              Font shape `U/lasy/m/n' tried instead on input line 160.

Underfull \hbox (badness 1097) in paragraph at lines 171--200
\OT1/ptm/m/n/9 some the-o-ret-i-cal re-sults from the field of math-e-mat-i-cal
 bi-ol-
 []

[1{C:/ProgramData/MiKTeX/2.9/pdftex/config/pdftex.map}
Non-PDF special ignored!


]
Underfull \vbox (badness 10000) has occurred while \output is active []


Underfull \vbox (badness 10000) has occurred while \output is active []

LaTeX Font Info:    External font `cmex10' loaded for size
(Font)              <7> on input line 200.
LaTeX Font Info:    Font shape `U/lasy/b/n' in size <7> not available
(Font)              Font shape `U/lasy/m/n' tried instead on input line 200.

Overfull \vbox (0.50241pt too high) has occurred while \output is active []


[2 <C:/Users/Maverick/Desktop/Paper/tog-sample-mouse.pdf>]
Underfull \vbox (badness 6927) has occurred while \output is active []


Overfull \vbox (0.57443pt too high) has occurred while \output is active []


[3]
Underfull \hbox (badness 2142) in paragraph at lines 393--399
[]\OT1/ptm/m/n/9 Starting from Longtin and Mil-ton's and from Moon and
 []


Overfull \vbox (0.50241pt too high) has occurred while \output is active []


[4]
File: tog-sample-mouse.pdf Graphic file (type pdf)
 <use tog-sample-mouse.pdf>
Package pdftex.def Info: tog-sample-mouse.pdf used on input line 496.
(pdftex.def)             Requested size: 199.16928pt x 176.74956pt.

Overfull \vbox (0.57443pt too high) has occurred while \output is active []


[5]
Underfull \vbox (badness 2221) has occurred while \output is active []


Overfull \vbox (0.50241pt too high) has occurred while \output is active []


[6]
Overfull \vbox (0.57443pt too high) has occurred while \output is active []


[7]
Overfull \vbox (0.50241pt too high) has occurred while \output is active []


[8]
Underfull \vbox (badness 10000) has occurred while \output is active []


(C:\Users\Maverick\Desktop\Paper\v2-acmtog-sample.bbl
Underfull \hbox (badness 2150) in paragraph at lines 50--56
\OT1/ptm/m/n/8 Buy, sell, or troll?  \OT1/ptm/m/it/8 Com-mun. ACM \OT1/ptm/m/n/
8 50, 1 (Jan. 2007), 36--44.
 []


Underfull \hbox (badness 7468) in paragraph at lines 154--162
[]\OT1/ptm/m/n/8 D. De-Carlo and A. San-tella. 2002.  Styl-iza-tion and ab-stra
c-
 []


Underfull \hbox (badness 8151) in paragraph at lines 154--162
\OT1/ptm/m/n/8 tion of pho-tographs. In \OT1/ptm/m/it/8 SIG-GRAPH '02: Pro-ceed
-ings of the
 []


Underfull \hbox (badness 10000) in paragraph at lines 154--162
\OT1/ptm/m/it/8 29th an-nual con-fer-ence on Com-puter graph-ics and in-ter-ac-

 []


Underfull \hbox (badness 6792) in paragraph at lines 154--162
\OT1/ptm/m/it/8 tive tech-niques\OT1/ptm/m/n/8 . ACM Press, New York, NY, USA, 
769--776.
 []


Overfull \vbox (0.57443pt too high) has occurred while \output is active []


[9]
Underfull \hbox (badness 10000) in paragraph at lines 217--223
[]\OT1/ptm/m/n/8 Ian Ed-i-tor (Ed.). 2008.  \OT1/ptm/m/it/8 The ti-tle of book 
two \OT1/ptm/m/n/8 (2nd.
 []


Underfull \hbox (badness 10000) in paragraph at lines 217--223
\OT1/ptm/m/n/8 ed.).  Uni-ver-sity of Chicago Press, Chicago, Chap-ter 100.
 []


Underfull \hbox (badness 1077) in paragraph at lines 238--244
[]\OT1/ptm/m/n/8 Google Inc. current-year.  Google$[]$ Im-age Search.  (current
-year).
 []


Underfull \hbox (badness 1552) in paragraph at lines 268--275
[]\OT1/ptm/m/n/8 David Harel. 1979.  \OT1/ptm/m/it/8 First-Order Dy-namic Logic
\OT1/ptm/m/n/8 . Lec-ture Notes in
 []


Underfull \hbox (badness 4060) in paragraph at lines 268--275
\OT1/ptm/m/n/8 Com-puter Sci-ence, Vol. 68.  Springer-Verlag, New York, NY.
 []


Underfull \hbox (badness 1107) in paragraph at lines 335--342
[]\OT1/ptm/m/n/8 Newton Lee. 2005.  In-ter-view with Bill Kinder: Jan-uary 13, 
2005.
 []


Underfull \hbox (badness 6300) in paragraph at lines 335--342
\OT1/ptm/m/n/8 Video, \OT1/ptm/m/it/8 Com-put. En-ter-tain. \OT1/ptm/m/n/8 3, 1
, Ar-ti-cle 4 (Jan.-March 2005).
 []


Underfull \hbox (badness 5231) in paragraph at lines 346--353
[]\OT1/ptm/m/n/8 Dave No-vak. 2003.  Sol-der man. Video. In \OT1/ptm/m/it/8 ACM
 SIG-GRAPH
 []


Underfull \hbox (badness 6641) in paragraph at lines 346--353
\OT1/ptm/m/it/8 2003 Video Re-view on An-i-ma-tion the-ater Pro-gram: Part I -
 []


Underfull \hbox (badness 4353) in paragraph at lines 346--353
\OT1/ptm/m/it/8 Vol. 145 (July 27--27, 2003)\OT1/ptm/m/n/8 . ACM Press, New Yor
k, NY, 4.
 []

)
Overfull \vbox (0.50241pt too high) has occurred while \output is active []


[10] (C:\Users\Maverick\Desktop\Paper\v2-acmtog-sample.aux) ) 
Here is how much of TeX's memory you used:
 1800 strings out of 493921
 23214 string characters out of 3144868
 89349 words of memory out of 3000000
 5073 multiletter control sequences out of 15000+200000
 41759 words of font info for 97 fonts, out of 3000000 for 9000
 841 hyphenation exceptions out of 8191
 34i,9n,21p,260b,318s stack positions out of 5000i,500n,10000p,200000b,50000s
{C:/Program Files 
(x86)/MiKTeX 2.9/fonts/enc/dvips/fontname/8r.enc}<C:/Program Files (x86)/MiKTeX
 2.9/fonts/type1/public/amsfonts/cm/cmex10.pfb><C:/Program Files (x86)/MiKTeX 2
.9/fonts/type1/public/amsfonts/cm/cmmi5.pfb><C:/Program Files (x86)/MiKTeX 2.9/
fonts/type1/public/amsfonts/cm/cmmi6.pfb><C:/Program Files (x86)/MiKTeX 2.9/fon
ts/type1/public/amsfonts/cm/cmmi8.pfb><C:/Program Files (x86)/MiKTeX 2.9/fonts/
type1/public/amsfonts/cm/cmmi9.pfb><C:/Program Files (x86)/MiKTeX 2.9/fonts/typ
e1/public/amsfonts/cmextra/cmmib9.pfb><C:/Program Files (x86)/MiKTeX 2.9/fonts/
type1/public/amsfonts/cm/cmr6.pfb><C:/Program Files (x86)/MiKTeX 2.9/fonts/type
1/public/amsfonts/cm/cmr8.pfb><C:/Program Files (x86)/MiKTeX 2.9/fonts/type1/pu
blic/amsfonts/cm/cmr9.pfb><C:/Program Files (x86)/MiKTeX 2.9/fonts/type1/public
/amsfonts/cm/cmsy10.pfb><C:/Program Files (x86)/MiKTeX 2.9/fonts/type1/public/a
msfonts/cm/cmtt8.pfb><C:/Program Files (x86)/MiKTeX 2.9/fonts/type1/urw/helveti
c/uhvr8a.pfb><C:/Program Files (x86)/MiKTeX 2.9/fonts/type1/urw/times/utmb8a.pf
b><C:/Program Files (x86)/MiKTeX 2.9/fonts/type1/urw/times/utmr8a.pfb><C:/Progr
am Files (x86)/MiKTeX 2.9/fonts/type1/urw/times/utmri8a.pfb>
Output written on v2-acmtog-sample.pdf (10 pages, 236939 bytes).
PDF statistics:
 101 PDF objects out of 1000 (max. 8388607)
 0 named destinations out of 1000 (max. 500000)
 6 words of extra memory for PDF output out of 10000 (max. 10000000)

