This is pdfTeX, Version 3.1415926-2.5-1.40.14 (MiKTeX 2.9) (preloaded format=pdflatex 2014.9.1)  22 APR 2015 18:50
entering extended mode
**JSpeedIO_socc_2015_bibtex.tex
(C:\Users\Maverick\Desktop\bibtex_paper\JSpeedIO_socc_2015_bibtex.tex
LaTeX2e <2011/06/27>
Babel <v3.8m> and hyphenation patterns for english, afrikaans, ancientgreek, ar
abic, armenian, assamese, basque, bengali, bokmal, bulgarian, catalan, coptic, 
croatian, czech, danish, dutch, esperanto, estonian, farsi, finnish, french, ga
lician, german, german-x-2013-05-26, greek, gujarati, hindi, hungarian, iceland
ic, indonesian, interlingua, irish, italian, kannada, kurmanji, latin, latvian,
 lithuanian, malayalam, marathi, mongolian, mongolianlmc, monogreek, ngerman, n
german-x-2013-05-26, nynorsk, oriya, panjabi, pinyin, polish, portuguese, roman
ian, russian, sanskrit, serbian, slovak, slovenian, spanish, swedish, swissgerm
an, tamil, telugu, turkish, turkmen, ukenglish, ukrainian, uppersorbian, usengl
ishmax, welsh, loaded.
(C:\Users\Maverick\Desktop\bibtex_paper\socc14.cls

LaTeX Warning: You have requested document class `socc14',
               but the document class provides `sigplanconf'.

Document Class: sigplanconf 2013/07/02 v2.8 ACM SIGPLAN Proceedings
\@numheaddepth=\count79
("C:\Program Files (x86)\MiKTeX 2.9\tex\latex\base\article.cls"
Document Class: article 2007/10/19 v1.4h Standard LaTeX document class
("C:\Program Files (x86)\MiKTeX 2.9\tex\latex\base\size10.clo"
File: size10.clo 2007/10/19 v1.4h Standard LaTeX file (size option)
)
\c@part=\count80
\c@section=\count81
\c@subsection=\count82
\c@subsubsection=\count83
\c@paragraph=\count84
\c@subparagraph=\count85
\c@figure=\count86
\c@table=\count87
\abovecaptionskip=\skip41
\belowcaptionskip=\skip42
\bibindent=\dimen102
)
\standardtextwidth=\dimen103
\standardvspace=\skip43

Using natbib package with 'numbers' citation style.
("C:\Program Files (x86)\MiKTeX 2.9\tex\latex\natbib\natbib.sty"
Package: natbib 2010/09/13 8.31b (PWD, AO)
\bibhang=\skip44
\bibsep=\skip45
LaTeX Info: Redefining \cite on input line 694.
\c@NAT@ctr=\count88
)
\@sectionaboveskip=\skip46
\@sectionbelowskip=\skip47
\@subsectionaboveskip=\skip48
\@subsectionbelowskip=\skip49
\@paragraphaboveskip=\skip50
\@authorcount=\count89
\@titlenotecount=\count90
\@titlenotetext=\toks14
\@fnmark=\toks15
\@authori=\count91
\@measbox=\box26
)
("C:\Program Files (x86)\MiKTeX 2.9\tex\latex\amsmath\amsmath.sty"
Package: amsmath 2013/01/14 v2.14 AMS math features
\@mathmargin=\skip51

For additional information on amsmath, use the `?' option.
("C:\Program Files (x86)\MiKTeX 2.9\tex\latex\amsmath\amstext.sty"
Package: amstext 2000/06/29 v2.01

("C:\Program Files (x86)\MiKTeX 2.9\tex\latex\amsmath\amsgen.sty"
File: amsgen.sty 1999/11/30 v2.0
\@emptytoks=\toks16
\ex@=\dimen104
))
("C:\Program Files (x86)\MiKTeX 2.9\tex\latex\amsmath\amsbsy.sty"
Package: amsbsy 1999/11/29 v1.2d
\pmbraise@=\dimen105
)
("C:\Program Files (x86)\MiKTeX 2.9\tex\latex\amsmath\amsopn.sty"
Package: amsopn 1999/12/14 v2.01 operator names
)
\inf@bad=\count92
LaTeX Info: Redefining \frac on input line 210.
\uproot@=\count93
\leftroot@=\count94
LaTeX Info: Redefining \overline on input line 306.
\classnum@=\count95
\DOTSCASE@=\count96
LaTeX Info: Redefining \ldots on input line 378.
LaTeX Info: Redefining \dots on input line 381.
LaTeX Info: Redefining \cdots on input line 466.
\Mathstrutbox@=\box27
\strutbox@=\box28
\big@size=\dimen106
LaTeX Font Info:    Redeclaring font encoding OML on input line 566.
LaTeX Font Info:    Redeclaring font encoding OMS on input line 567.
\macc@depth=\count97
\c@MaxMatrixCols=\count98
\dotsspace@=\muskip10
\c@parentequation=\count99
\dspbrk@lvl=\count100
\tag@help=\toks17
\row@=\count101
\column@=\count102
\maxfields@=\count103
\andhelp@=\toks18
\eqnshift@=\dimen107
\alignsep@=\dimen108
\tagshift@=\dimen109
\tagwidth@=\dimen110
\totwidth@=\dimen111
\lineht@=\dimen112
\@envbody=\toks19
\multlinegap=\skip52
\multlinetaggap=\skip53
\mathdisplay@stack=\toks20
LaTeX Info: Redefining \[ on input line 2665.
LaTeX Info: Redefining \] on input line 2666.
)
("C:\Program Files (x86)\MiKTeX 2.9\tex\latex\psnfss\mathptmx.sty"
Package: mathptmx 2005/04/12 PSNFSS-v9.2a Times w/ Math, improved (SPQR, WaS) 
LaTeX Font Info:    Redeclaring symbol font `operators' on input line 28.
LaTeX Font Info:    Overwriting symbol font `operators' in version `normal'
(Font)                  OT1/cmr/m/n --> OT1/ztmcm/m/n on input line 28.
LaTeX Font Info:    Overwriting symbol font `operators' in version `bold'
(Font)                  OT1/cmr/bx/n --> OT1/ztmcm/m/n on input line 28.
LaTeX Font Info:    Redeclaring symbol font `letters' on input line 29.
LaTeX Font Info:    Overwriting symbol font `letters' in version `normal'
(Font)                  OML/cmm/m/it --> OML/ztmcm/m/it on input line 29.
LaTeX Font Info:    Overwriting symbol font `letters' in version `bold'
(Font)                  OML/cmm/b/it --> OML/ztmcm/m/it on input line 29.
LaTeX Font Info:    Redeclaring symbol font `symbols' on input line 30.
LaTeX Font Info:    Overwriting symbol font `symbols' in version `normal'
(Font)                  OMS/cmsy/m/n --> OMS/ztmcm/m/n on input line 30.
LaTeX Font Info:    Overwriting symbol font `symbols' in version `bold'
(Font)                  OMS/cmsy/b/n --> OMS/ztmcm/m/n on input line 30.
LaTeX Font Info:    Redeclaring symbol font `largesymbols' on input line 31.
LaTeX Font Info:    Overwriting symbol font `largesymbols' in version `normal'
(Font)                  OMX/cmex/m/n --> OMX/ztmcm/m/n on input line 31.
LaTeX Font Info:    Overwriting symbol font `largesymbols' in version `bold'
(Font)                  OMX/cmex/m/n --> OMX/ztmcm/m/n on input line 31.
\symbold=\mathgroup4
\symitalic=\mathgroup5
LaTeX Font Info:    Redeclaring math alphabet \mathbf on input line 34.
LaTeX Font Info:    Overwriting math alphabet `\mathbf' in version `normal'
(Font)                  OT1/cmr/bx/n --> OT1/ptm/bx/n on input line 34.
LaTeX Font Info:    Overwriting math alphabet `\mathbf' in version `bold'
(Font)                  OT1/cmr/bx/n --> OT1/ptm/bx/n on input line 34.
LaTeX Font Info:    Redeclaring math alphabet \mathit on input line 35.
LaTeX Font Info:    Overwriting math alphabet `\mathit' in version `normal'
(Font)                  OT1/cmr/m/it --> OT1/ptm/m/it on input line 35.
LaTeX Font Info:    Overwriting math alphabet `\mathit' in version `bold'
(Font)                  OT1/cmr/bx/it --> OT1/ptm/m/it on input line 35.
LaTeX Info: Redefining \hbar on input line 50.
)
("C:\Program Files (x86)\MiKTeX 2.9\tex\latex\graphics\graphicx.sty"
Package: graphicx 1999/02/16 v1.0f Enhanced LaTeX Graphics (DPC,SPQR)

("C:\Program Files (x86)\MiKTeX 2.9\tex\latex\graphics\keyval.sty"
Package: keyval 1999/03/16 v1.13 key=value parser (DPC)
\KV@toks@=\toks21
)
("C:\Program Files (x86)\MiKTeX 2.9\tex\latex\graphics\graphics.sty"
Package: graphics 2009/02/05 v1.0o Standard LaTeX Graphics (DPC,SPQR)

("C:\Program Files (x86)\MiKTeX 2.9\tex\latex\graphics\trig.sty"
Package: trig 1999/03/16 v1.09 sin cos tan (DPC)
)
("C:\Program Files (x86)\MiKTeX 2.9\tex\latex\00miktex\graphics.cfg"
File: graphics.cfg 2007/01/18 v1.5 graphics configuration of teTeX/TeXLive
)
Package graphics Info: Driver file: pdftex.def on input line 91.

("C:\Program Files (x86)\MiKTeX 2.9\tex\latex\pdftex-def\pdftex.def"
File: pdftex.def 2011/05/27 v0.06d Graphics/color for pdfTeX

("C:\Program Files (x86)\MiKTeX 2.9\tex\generic\oberdiek\infwarerr.sty"
Package: infwarerr 2010/04/08 v1.3 Providing info/warning/error messages (HO)
)
("C:\Program Files (x86)\MiKTeX 2.9\tex\generic\oberdiek\ltxcmds.sty"
Package: ltxcmds 2011/11/09 v1.22 LaTeX kernel commands for general use (HO)
)
\Gread@gobject=\count104
))
\Gin@req@height=\dimen113
\Gin@req@width=\dimen114
)
("C:\Program Files (x86)\MiKTeX 2.9\tex\latex\listings\listings.sty"
\lst@mode=\count105
\lst@gtempboxa=\box29
\lst@token=\toks22
\lst@length=\count106
\lst@currlwidth=\dimen115
\lst@column=\count107
\lst@pos=\count108
\lst@lostspace=\dimen116
\lst@width=\dimen117
\lst@newlines=\count109
\lst@lineno=\count110
\lst@maxwidth=\dimen118

("C:\Program Files (x86)\MiKTeX 2.9\tex\latex\listings\lstmisc.sty"
File: lstmisc.sty 2014/09/06 1.5e (Carsten Heinz)
\c@lstnumber=\count111
\lst@skipnumbers=\count112
\lst@framebox=\box30
)
("C:\Program Files (x86)\MiKTeX 2.9\tex\latex\listings\listings.cfg"
File: listings.cfg 2014/09/06 1.5e listings configuration
))
Package: listings 2014/09/06 1.5e (Carsten Heinz)

(C:\Users\Maverick\Desktop\bibtex_paper\JSpeedIO_socc_2015_bibtex.aux)
LaTeX Font Info:    Checking defaults for OML/cmm/m/it on input line 33.
LaTeX Font Info:    ... okay on input line 33.
LaTeX Font Info:    Checking defaults for T1/cmr/m/n on input line 33.
LaTeX Font Info:    ... okay on input line 33.
LaTeX Font Info:    Checking defaults for OT1/cmr/m/n on input line 33.
LaTeX Font Info:    ... okay on input line 33.
LaTeX Font Info:    Checking defaults for OMS/cmsy/m/n on input line 33.
LaTeX Font Info:    ... okay on input line 33.
LaTeX Font Info:    Checking defaults for OMX/cmex/m/n on input line 33.
LaTeX Font Info:    ... okay on input line 33.
LaTeX Font Info:    Checking defaults for U/cmr/m/n on input line 33.
LaTeX Font Info:    ... okay on input line 33.
LaTeX Font Info:    Try loading font information for OT1+ptm on input line 33.

("C:\Program Files (x86)\MiKTeX 2.9\tex\latex\psnfss\ot1ptm.fd"
File: ot1ptm.fd 2001/06/04 font definitions for OT1/ptm.
)
("C:\Program Files (x86)\MiKTeX 2.9\tex\context\base\supp-pdf.mkii"
[Loading MPS to PDF converter (version 2006.09.02).]
\scratchcounter=\count113
\scratchdimen=\dimen119
\scratchbox=\box31
\nofMPsegments=\count114
\nofMParguments=\count115
\everyMPshowfont=\toks23
\MPscratchCnt=\count116
\MPscratchDim=\dimen120
\MPnumerator=\count117
\makeMPintoPDFobject=\count118
\everyMPtoPDFconversion=\toks24
)
\c@lstlisting=\count119
LaTeX Font Info:    Font shape `OT1/ptm/bx/n' in size <17.28> not available
(Font)              Font shape `OT1/ptm/b/n' tried instead on input line 64.
LaTeX Font Info:    Try loading font information for OMS+cmss on input line 64.

LaTeX Font Info:    No file OMScmss.fd. on input line 64.


LaTeX Font Warning: Font shape `OMS/cmss/m/n' undefined
(Font)              using `OMS/cmsy/m/n' instead
(Font)              for symbol `textbraceleft' on input line 64.

LaTeX Font Info:    Font shape `OT1/ptm/bx/n' in size <12> not available
(Font)              Font shape `OT1/ptm/b/n' tried instead on input line 66.
Missing character: There is no ‚ in font ptmr7t!
Missing character: There is no Ä in font ptmr7t!
Missing character: There is no ô in font ptmr7t!
LaTeX Font Info:    Font shape `OT1/ptm/bx/n' in size <10> not available
(Font)              Font shape `OT1/ptm/b/n' tried instead on input line 71.
LaTeX Font Info:    Font shape `OT1/ptm/bx/it' in size <10> not available
(Font)              Font shape `OT1/ptm/b/it' tried instead on input line 71.

Underfull \hbox (badness 2142) in paragraph at lines 78--79
 \OT1/ptm/b/it/10 Key-words \OT1/ptm/m/n/10 Event-Driven, Javascript, Cloud Com
-put-ing,
 []

[1{C:/ProgramData/MiKTeX/2.9/pdftex/config/pdftex.map}


Non-PDF special ignored!

]
Underfull \vbox (badness 10000) has occurred while \output is active []

Missing character: There is no ‚ in font ptmr7t!
Missing character: There is no Ä in font ptmr7t!
Missing character: There is no ô in font ptmr7t!
Missing character: There is no ‚ in font ptmr7t!
Missing character: There is no Ä in font ptmr7t!
Missing character: There is no ô in font ptmr7t!
Missing character: There is no ‚ in font ptmr7t!
Missing character: There is no Ä in font ptmr7t!
Missing character: There is no ô in font ptmr7t!
Missing character: There is no ‚ in font ptmr7t!
Missing character: There is no Ä in font ptmr7t!
Missing character: There is no ô in font ptmr7t!
Missing character: There is no ‚ in font ptmr7t!
Missing character: There is no Ä in font ptmr7t!
Missing character: There is no ô in font ptmr7t!
Missing character: There is no ‚ in font ptmr7t!
Missing character: There is no Ä in font ptmr7t!
Missing character: There is no ô in font ptmr7t!
 [2]
Missing character: There is no ‚ in font ptmr7t!
Missing character: There is no Ä in font ptmr7t!
Missing character: There is no ô in font ptmr7t!
Missing character: There is no ‚ in font ptmr7t!
Missing character: There is no Ä in font ptmr7t!
Missing character: There is no ô in font ptmr7t!

Overfull \hbox (3.63776pt too wide) in paragraph at lines 122--123
\OT1/ptm/m/n/10 thread-ing pro-gram-ming and its com-mon prob-lems(deadlocks,
 []

Missing character: There is no ‚ in font ptmr7t!
Missing character: There is no Ä in font ptmr7t!
Missing character: There is no ô in font ptmr7t!
<AsynchronousAutomaton.png, id=15, 307.1475pt x 185.94469pt>
File: AsynchronousAutomaton.png Graphic file (type png)

<use AsynchronousAutomaton.png>
Package pdftex.def Info: AsynchronousAutomaton.png used on input line 129.
(pdftex.def)             Requested size: 168.93164pt x 102.26988pt.
Missing character: There is no ‚ in font ptmr7t!
Missing character: There is no Ä in font ptmr7t!
Missing character: There is no ô in font ptmr7t!
Missing character: There is no ‚ in font ptmr7t!
Missing character: There is no Ä in font ptmr7t!
Missing character: There is no ô in font ptmr7t!
Missing character: There is no ‚ in font ptmr7t!
Missing character: There is no Ä in font ptmr7t!
Missing character: There is no ô in font ptmr7t!

<AutomatonPageRank.png, id=16, 456.95718pt x 224.33812pt>
File: AutomatonPageRank.png Graphic file (type png)

<use AutomatonPageRank.png>
Package pdftex.def Info: AutomatonPageRank.png used on input line 146.
(pdftex.def)             Requested size: 251.32721pt x 123.38634pt.

Overfull \hbox (11.32721pt too wide) in paragraph at lines 146--147
 [][] 
 []

LaTeX Font Info:    Try loading font information for OT1+ztmcm on input line 15
3.
("C:\Program Files (x86)\MiKTeX 2.9\tex\latex\psnfss\ot1ztmcm.fd"
File: ot1ztmcm.fd 2000/01/03 Fontinst v1.801 font definitions for OT1/ztmcm.
)
LaTeX Font Info:    Try loading font information for OML+ztmcm on input line 15
3.

("C:\Program Files (x86)\MiKTeX 2.9\tex\latex\psnfss\omlztmcm.fd"
File: omlztmcm.fd 2000/01/03 Fontinst v1.801 font definitions for OML/ztmcm.
)
LaTeX Font Info:    Try loading font information for OMS+ztmcm on input line 15
3.

("C:\Program Files (x86)\MiKTeX 2.9\tex\latex\psnfss\omsztmcm.fd"
File: omsztmcm.fd 2000/01/03 Fontinst v1.801 font definitions for OMS/ztmcm.
)
LaTeX Font Info:    Try loading font information for OMX+ztmcm on input line 15
3.

("C:\Program Files (x86)\MiKTeX 2.9\tex\latex\psnfss\omxztmcm.fd"
File: omxztmcm.fd 2000/01/03 Fontinst v1.801 font definitions for OMX/ztmcm.
)
LaTeX Font Info:    Font shape `OT1/ptm/bx/n' in size <7.4> not available
(Font)              Font shape `OT1/ptm/b/n' tried instead on input line 153.
LaTeX Font Info:    Font shape `OT1/ptm/bx/n' in size <6> not available
(Font)              Font shape `OT1/ptm/b/n' tried instead on input line 153.
Missing character: There is no ‚ in font ptmr7t!
Missing character: There is no Ä in font ptmr7t!
Missing character: There is no ô in font ptmr7t!
Missing character: There is no ‚ in font ptmr7t!
Missing character: There is no Ä in font ptmr7t!
Missing character: There is no ô in font ptmr7t!
Missing character: There is no ‚ in font ptmr7t!
Missing character: There is no Ä in font ptmr7t!
Missing character: There is no ô in font ptmr7t!

Underfull \vbox (badness 1189) has occurred while \output is active []

 [3 <C:/Users/Maverick/Desktop/bibtex_paper/AsynchronousAutomaton.png>]
Missing character: There is no ‚ in font ptmr7t!
Missing character: There is no Ä in font ptmr7t!
Missing character: There is no ô in font ptmr7t!
Missing character: There is no ‚ in font ptmr7t!
Missing character: There is no Ä in font ptmr7t!
Missing character: There is no ô in font ptmr7t!
Missing character: There is no ‚ in font ptmr7t!
Missing character: There is no Ä in font ptmr7t!
Missing character: There is no ô in font ptmr7t!

<StateDependency.png, id=22, 260.47313pt x 273.27094pt>
File: StateDependency.png Graphic file (type png)

<use StateDependency.png>
Package pdftex.def Info: StateDependency.png used on input line 173.
(pdftex.def)             Requested size: 156.28508pt x 163.9638pt.


LaTeX Warning: `h' float specifier changed to `ht'.

Missing character: There is no ‚ in font ptmr7t!
Missing character: There is no Ä in font ptmr7t!
Missing character: There is no ô in font ptmr7t!
Missing character: There is no ‚ in font ptmr7t!
Missing character: There is no Ä in font ptmr7t!
Missing character: There is no ô in font ptmr7t!
Missing character: There is no ‚ in font ptmr7t!
Missing character: There is no Ä in font ptmr7t!
Missing character: There is no ô in font ptmr7t!
Missing character: There is no ‚ in font ptmr7t!
Missing character: There is no Ä in font ptmr7t!
Missing character: There is no ô in font ptmr7t!
<architectureDiagram.png, id=23, 596.2275pt x 330.48468pt>
File: architectureDiagram.png Graphic file (type png)

<use architectureDiagram.png>
Package pdftex.def Info: architectureDiagram.png used on input line 194.
(pdftex.def)             Requested size: 357.73926pt x 198.29233pt.
 [4 <C:/Users/Maverick/Desktop/bibtex_paper/AutomatonPageRank.png> <C:/Users/Ma
verick/Desktop/bibtex_paper/StateDependency.png>]
Underfull \vbox (badness 1043) has occurred while \output is active []


<sandboxDiagram.png, id=27, 328.22626pt x 271.76532pt>
File: sandboxDiagram.png Graphic file (type png)

<use sandboxDiagram.png>
Package pdftex.def Info: sandboxDiagram.png used on input line 217.
(pdftex.def)             Requested size: 229.7568pt x 190.23442pt.
Missing character: There is no ‚ in font ptmr7t!
Missing character: There is no Ä in font ptmr7t!
Missing character: There is no ô in font ptmr7t!
 [5 <C:/Users/Maverick/Desktop/bibtex_paper/architectureDiagram.png> <C:/Users/
Maverick/Desktop/bibtex_paper/sandboxDiagram.png>]
Missing character: There is no ‚ in font ptmr7t!
Missing character: There is no Ä in font ptmr7t!
Missing character: There is no ô in font ptmr7t!
Missing character: There is no ‚ in font ptmr7t!
Missing character: There is no Ä in font ptmr7t!
Missing character: There is no ô in font ptmr7t!
Missing character: There is no ‚ in font ptmr7t!
Missing character: There is no Ä in font ptmr7t!
Missing character: There is no ô in font ptmr7t!
Missing character: There is no ‚ in font ptmr7t!
Missing character: There is no Ä in font ptmr7t!
Missing character: There is no ô in font ptmr7t!

Underfull \vbox (badness 10000) has occurred while \output is active []

Missing character: There is no ‚ in font ptmr7t!
Missing character: There is no Ä in font ptmr7t!
Missing character: There is no ô in font ptmr7t!
Missing character: There is no ‚ in font ptmr7t!
Missing character: There is no Ä in font ptmr7t!
Missing character: There is no ô in font ptmr7t!
 [6]
Missing character: There is no ‚ in font ptmr7t!
Missing character: There is no Ä in font ptmr7t!
Missing character: There is no ù in font ptmr7t!
Missing character: There is no ‚ in font ptmr7t!
Missing character: There is no Ä in font ptmr7t!
Missing character: There is no ù in font ptmr7t!

Overfull \hbox (6.0025pt too wide) in paragraph at lines 255--256
[][][][][][][][][][][][][][] 
 []

LaTeX Font Info:    Try loading font information for OMS+ptm on input line 259.

("C:\Program Files (x86)\MiKTeX 2.9\tex\latex\psnfss\omsptm.fd"
File: omsptm.fd 
)
LaTeX Font Info:    Font shape `OMS/ptm/m/n' in size <10> not available
(Font)              Font shape `OMS/cmsy/m/n' tried instead on input line 259.
Missing character: There is no ‚ in font ptmr7t!
Missing character: There is no Ä in font ptmr7t!
Missing character: There is no ô in font ptmr7t!
Missing character: There is no ‚ in font ptmr7t!
Missing character: There is no Ä in font ptmr7t!
Missing character: There is no ô in font ptmr7t!

<SpeedUp_MapReduce_2GB_Small.png, id=34, 79.497pt x 50.3481pt>
File: SpeedUp_MapReduce_2GB_Small.png Graphic file (type png)

<use SpeedUp_MapReduce_2GB_Small.png>
Package pdftex.def Info: SpeedUp_MapReduce_2GB_Small.png used on input line 287
.
(pdftex.def)             Requested size: 198.74199pt x 125.8699pt.

<Efficiency_MapReduce_2GB_small.png, id=36, 79.497pt x 50.3481pt>
File: Efficiency_MapReduce_2GB_small.png Graphic file (type png)

<use Efficiency_MapReduce_2GB_small.png>
Package pdftex.def Info: Efficiency_MapReduce_2GB_small.png used on input line 
298.
(pdftex.def)             Requested size: 198.74199pt x 125.8699pt.
Missing character: There is no ‚ in font ptmr7t!
Missing character: There is no Ä in font ptmr7t!
Missing character: There is no ô in font ptmr7t!

<Overhead.png, id=37, 79.497pt x 50.3481pt>
File: Overhead.png Graphic file (type png)
 <use Overhead.png>
Package pdftex.def Info: Overhead.png used on input line 312.
(pdftex.def)             Requested size: 238.49039pt x 151.04388pt.
Missing character: There is no ‚ in font ptmr7t!
Missing character: There is no Ä in font ptmr7t!
Missing character: There is no ô in font ptmr7t!
 [7 <C:/Users/Maverick/Desktop/bibtex_paper/SpeedUp_MapReduce_2GB_Small.png> <C
:/Users/Maverick/Desktop/bibtex_paper/Efficiency_MapReduce_2GB_small.png>]
<PI_Approximation.png, id=44, 79.497pt x 50.3481pt>
File: PI_Approximation.png Graphic file (type png)
 <use PI_Approximation.png>
Package pdftex.def Info: PI_Approximation.png used on input line 322.
(pdftex.def)             Requested size: 238.49039pt x 151.04388pt.

<MapReduce_Benchmark.png, id=45, 79.497pt x 50.3481pt>
File: MapReduce_Benchmark.png Graphic file (type png)

<use MapReduce_Benchmark.png>
Package pdftex.def Info: MapReduce_Benchmark.png used on input line 332.
(pdftex.def)             Requested size: 238.49039pt x 151.04388pt.


LaTeX Warning: `h' float specifier changed to `ht'.

Missing character: There is no ‚ in font ptmr7t!
Missing character: There is no Ä in font ptmr7t!
Missing character: There is no ô in font ptmr7t!
Missing character: There is no ‚ in font ptmr7t!
Missing character: There is no Ä in font ptmr7t!
Missing character: There is no ô in font ptmr7t!
Missing character: There is no ‚ in font ptmr7t!
Missing character: There is no Ä in font ptmr7t!
Missing character: There is no ô in font ptmr7t!
[8 <C:/Users/Maverick/Desktop/bibtex_paper/Overhead.png> <C:/Users/Maverick/Des
ktop/bibtex_paper/PI_Approximation.png> <C:/Users/Maverick/Desktop/bibtex_paper
/MapReduce_Benchmark.png>]
Missing character: There is no ‚ in font ptmr7t!
Missing character: There is no Ä in font ptmr7t!
Missing character: There is no ô in font ptmr7t!
Missing character: There is no ‚ in font ptmr7t!
Missing character: There is no Ä in font ptmr7t!
Missing character: There is no ô in font ptmr7t!
Missing character: There is no ‚ in font ptmr7t!
Missing character: There is no Ä in font ptmr7t!
Missing character: There is no ô in font ptmr7t!
Missing character: There is no ‚ in font ptmr7t!
Missing character: There is no Ä in font ptmr7t!
Missing character: There is no ô in font ptmr7t!
Missing character: There is no ‚ in font ptmr7t!
Missing character: There is no Ä in font ptmr7t!
Missing character: There is no ô in font ptmr7t!
Missing character: There is no ‚ in font ptmr7t!
Missing character: There is no Ä in font ptmr7t!
Missing character: There is no ô in font ptmr7t!

Overfull \hbox (4.2469pt too wide) in paragraph at lines 363--364
[]\OT1/ptm/m/n/10 River Trail pro-vides de-ter-min-is-tic par-al-lelism to Java
Script
 []


Overfull \hbox (7.08878pt too wide) in paragraph at lines 368--369
\OT1/ptm/m/n/10 setup, main-tain-abil-ity, scal-a-bil-ity, sim-ple pro-gram-min
g model,
 []

Missing character: There is no ‚ in font ptmr7t!
Missing character: There is no Ä in font ptmr7t!
Missing character: There is no ô in font ptmr7t!
(C:\Users\Maverick\Desktop\bibtex_paper\JSpeedIO_socc_2015_bibtex.bbl
Underfull \hbox (badness 2875) in paragraph at lines 9--15
\OT1/ptm/m/n/9 client-side sand-box-ing of third-party JavaScript with-out
 []


Overfull \hbox (16.99118pt too wide) in paragraph at lines 9--15
\OT1/cmtt/m/n/9 https://lirias.kuleuven.be/handle/123456789/360451\OT1/ptm/m/n/
9 . 
 []


Underfull \hbox (badness 10000) in paragraph at lines 25--28
[]\OT1/ptm/m/n/9 Amazon.  Ama-zon Cloud Drive.  URL
 []


Underfull \hbox (badness 10000) in paragraph at lines 30--33
[]\OT1/ptm/m/n/9 Caolan.  Async.  URL
 []

[9]
Underfull \hbox (badness 10000) in paragraph at lines 48--54
[]\OT1/ptm/m/n/9 F. Dabek and N. Zel-dovich.  Event-driven pro-
 []


Underfull \hbox (badness 5245) in paragraph at lines 48--54
\OT1/ptm/m/n/9 gram-ming for ro-bust soft-ware.  \OT1/ptm/m/it/9 Pro-ceed-ings 
of the
 []


Underfull \hbox (badness 10000) in paragraph at lines 48--54
\OT1/ptm/m/it/9 10th work-shop on ACM SIGOPS Eu-ro-pean work-
 []


Underfull \hbox (badness 2359) in paragraph at lines 48--54
\OT1/ptm/m/it/9 shopn work-shop\OT1/ptm/m/n/9 , pages 186 -- 189, 2002.  .  URL

 []


Underfull \hbox (badness 1521) in paragraph at lines 56--63
\OT1/ptm/m/n/9 Pro-cess-ing on Large Clus-ters.  \OT1/ptm/m/it/9 Com-mu-ni-ca-t
ions of the
 []


Underfull \hbox (badness 1675) in paragraph at lines 56--63
\OT1/ptm/m/it/9 ACM\OT1/ptm/m/n/9 , 51(1):1--13, 2008.  ISSN 00010782.  .  URL
 []


Underfull \hbox (badness 1881) in paragraph at lines 95--103
\OT1/ptm/m/n/9 River trail.  \OT1/ptm/m/it/9 Pro-ceed-ings of the 2013 ACM SIG-
PLAN
 []


Underfull \hbox (badness 6559) in paragraph at lines 95--103
\OT1/ptm/m/it/9 in-ter-na-tional con-fer-ence on Ob-ject ori-ented pro-gram-
 []


Underfull \hbox (badness 10000) in paragraph at lines 95--103
\OT1/ptm/m/it/9 ming sys-tems lan-guages & ap-pli-ca-tions - OOP-SLA
 []


Overfull \hbox (12.26624pt too wide) in paragraph at lines 95--103
\OT1/cmtt/m/n/9 http://dl.acm.org/citation.cfm?id=2509136.2509516\OT1/ptm/m/n/9
 . 
 []


Underfull \hbox (badness 2020) in paragraph at lines 115--121
[]\OT1/ptm/m/n/9 E. Ko-r-pela, D. Werthimer, D. An-der-son, J. Cobb, and
 []


Underfull \hbox (badness 6110) in paragraph at lines 131--139
[]\OT1/ptm/m/n/9 N. Mck-e-own, T. An-der-son, H. Bal-akr-ish-nan, G. M.
 []


Underfull \hbox (badness 1715) in paragraph at lines 131--139
\OT1/ptm/m/n/9 Parulkar, L. L. Pe-ter-son, J. Rex-ford, S. Shenker, J. S.
 []


Underfull \hbox (badness 1721) in paragraph at lines 131--139
\OT1/ptm/m/n/9 Turner, and S. Louis.  Open-Flow: en-abling in-no-va-tion
 []


Underfull \hbox (badness 4132) in paragraph at lines 131--139
\OT1/ptm/m/n/9 in cam-pus net-works.  \OT1/ptm/m/it/9 Com-puter Com-mu-ni-ca-ti
on Re-
 []


Underfull \hbox (badness 1442) in paragraph at lines 131--139
\OT1/ptm/m/it/9 view\OT1/ptm/m/n/9 , 38(2):69--74, 2008.  ISSN 01464833.  .  UR
L
 []


Underfull \hbox (badness 10000) in paragraph at lines 146--149
[]\OT1/ptm/m/n/9 NPM.  Node Pack-age Man-ager.  URL
 []


Underfull \vbox (badness 2698) has occurred while \output is active []

) [10]
(C:\Users\Maverick\Desktop\bibtex_paper\JSpeedIO_socc_2015_bibtex.aux)

LaTeX Font Warning: Some font shapes were not available, defaults substituted.

 ) 
Here is how much of TeX's memory you used:
 3728 strings out of 493921
 50908 string characters out of 3144868
 122267 words of memory out of 3000000
 6971 multiletter control sequences out of 15000+200000
 33294 words of font info for 65 fonts, out of 3000000 for 9000
 841 hyphenation exceptions out of 8191
 30i,6n,32p,2542b,1105s stack positions out of 5000i,500n,10000p,200000b,50000s
{C:/Program Files (x86)/MiKTeX 2.9/fonts/enc/dvips/fontname/8r.enc}<C:/Progra
m Files (x86)/MiKTeX 2.9/fonts/type1/public/amsfonts/cm/cmr10.pfb><C:/Program F
iles (x86)/MiKTeX 2.9/fonts/type1/public/amsfonts/cm/cmss10.pfb><C:/Program Fil
es (x86)/MiKTeX 2.9/fonts/type1/public/amsfonts/cm/cmsy10.pfb><C:/Program Files
 (x86)/MiKTeX 2.9/fonts/type1/public/amsfonts/cm/cmtt9.pfb><C:/Program Files (x
86)/MiKTeX 2.9/fonts/type1/urw/symbol/usyr.pfb><C:/Program Files (x86)/MiKTeX 2
.9/fonts/type1/urw/times/utmb8a.pfb><C:/Program Files (x86)/MiKTeX 2.9/fonts/ty
pe1/urw/times/utmbi8a.pfb><C:/Program Files (x86)/MiKTeX 2.9/fonts/type1/urw/ti
mes/utmr8a.pfb><C:/Program Files (x86)/MiKTeX 2.9/fonts/type1/urw/times/utmr8a.
pfb><C:/Program Files (x86)/MiKTeX 2.9/fonts/type1/urw/times/utmri8a.pfb>
Output written on JSpeedIO_socc_2015_bibtex.pdf (10 pages, 552575 bytes).
PDF statistics:
 92 PDF objects out of 1000 (max. 8388607)
 0 named destinations out of 1000 (max. 500000)
 51 words of extra memory for PDF output out of 10000 (max. 10000000)

